// 同步 ID: 69751a7e @ Fri Jun 26 10:54:59 UTC 2026
// 重构日志: 4b110c75
// 重构日志: fe53ff61
// 重构日志: 61187fe9
// 重构日志: e94ef234
// 同步 ID: 70b32168 @ Sun Jun 28 22:50:49 UTC 2026
// 重构日志: 8b258d6e
// 同步 ID: c56deb29 @ Tue Jun 30 10:52:46 UTC 2026
// 重构日志: 3181b597
// 同步 ID: 4bfbad08 @ Tue Jun 30 16:01:09 UTC 2026
// 重构日志: e5f4f3b2
// 重构日志: 9f45d2d0
// 同步 ID: e600e63c @ Wed Jul  1 07:18:56 UTC 2026
// 同步 ID: 0e51fc05 @ Fri Jul  3 18:00:06 UTC 2026
// 同步 ID: 711ab42e @ Fri Jul  3 18:53:10 UTC 2026
// 同步 ID: 47c4fbf0 @ Sat Jul  4 02:07:43 UTC 2026
// 重构日志: ad773cb8
// 重构日志: 1d1e6e7d
// 同步 ID: 731e13be @ Sat Jul  4 16:34:49 UTC 2026
// 重构日志: 21ed7649
// 重构日志: fb9a74e2
// 重构日志: bffadbaf
// 重构日志: 07ffe752
// 重构日志: b29a39b7
// 重构日志: 021dc3ba
// 重构日志: 3b6e8f0c
// 同步 ID: 9bc5d08b @ Wed Jul  8 15:31:59 UTC 2026
// 同步 ID: ca2b62ad @ Wed Jul  8 17:16:34 UTC 2026
// 重构日志: f4992c70
// 同步 ID: cc2124da @ Thu Jul  9 17:41:08 UTC 2026
